<?xml version="1.0" encoding="UTF-8"?>
<!-- Generated by org.testng.reporters.JUnitXMLReporter -->
<testsuite hostname="Ramya" ignored="0" name="Default test" tests="6" failures="0" timestamp="18 Dec 2018 16:01:16 GMT" time="0.077" errors="0">
  <testcase name="loginTest" time="0.016" classname="com.test.TestNgFeatures">
    <skipped/>
  </testcase> <!-- loginTest -->
  <testcase name="aissing" time="0.013" classname="com.test.TestNgFeatures"/>
  <testcase name="loginTest1" time="0.0" classname="com.test.TestNgFeatures"/>
  <testcase name="regPageTest" time="0.0" classname="com.test.TestNgFeatures">
    <skipped/>
  </testcase> <!-- regPageTest -->
  <testcase name="homePageTest" time="0.0" classname="com.test.TestNgFeatures">
    <skipped/>
  </testcase> <!-- homePageTest -->
  <testcase name="searchPageTest" time="0.0" classname="com.test.TestNgFeatures">
    <skipped/>
  </testcase> <!-- searchPageTest -->
</testsuite> <!-- Default test -->
